<?xml version="1.0" encoding="UTF-8"?>
<!-- Generated by org.testng.reporters.JUnitXMLReporter -->
<testsuite hostname="DESKTOP-N4ABPVD" failures="0" tests="6" name="Surefire test" time="0.054" errors="0" timestamp="24 Jan 2022 23:40:36 GMT">
  <testcase classname="MavenProject_practice.MavenJava.AppiumTest" name="appiumtest1 on appiumtest1(MavenProject_practice.MavenJava.AppiumTest)" time="0.002"/>
  <testcase classname="MavenProject_practice.MavenJava.AppiumTest" name="appiumtest2 on appiumtest2(MavenProject_practice.MavenJava.AppiumTest)" time="0.0"/>
  <testcase classname="MavenProject_practice.MavenJava.RestApiTest" name="restapitests1 on restapitests1(MavenProject_practice.MavenJava.RestApiTest)" time="0.0"/>
  <testcase classname="MavenProject_practice.MavenJava.RestApiTest" name="restapi on restapi(MavenProject_practice.MavenJava.RestApiTest)" time="0.0"/>
  <testcase classname="MavenProject_practice.MavenJava.SeleniumTest" name="seleniumtests on seleniumtests(MavenProject_practice.MavenJava.SeleniumTest)" time="0.0"/>
  <testcase classname="MavenProject_practice.MavenJava.SeleniumTest" name="seleniumtests2 on seleniumtests2(MavenProject_practice.MavenJava.SeleniumTest)" time="0.0"/>
</testsuite> <!-- Surefire test -->
