<?xml version="1.0" encoding="UTF-8"?>
<testsuite xmlns:xsi="http://www.w3.org/2001/XMLSchema-instance" xsi:noNamespaceSchemaLocation="https://maven.apache.org/surefire/maven-surefire-plugin/xsd/surefire-test-report.xsd" name="TestSuite" time="0.335" tests="6" errors="0" skipped="0" failures="0">
  <properties>
[...]
</properties>
  <testcase name="appiumtest1 on appiumtest1(MavenProject_practice.MavenJava.AppiumTest)" classname="MavenProject_practice.MavenJava.AppiumTest" time="0.001"/>
  <testcase name="appiumtest2 on appiumtest2(MavenProject_practice.MavenJava.AppiumTest)" classname="MavenProject_practice.MavenJava.AppiumTest" time="0"/>
  <testcase name="restapitests1 on restapitests1(MavenProject_practice.MavenJava.RestApiTest)" classname="MavenProject_practice.MavenJava.RestApiTest" time="0"/>
  <testcase name="restapi on restapi(MavenProject_practice.MavenJava.RestApiTest)" classname="MavenProject_practice.MavenJava.RestApiTest" time="0"/>
  <testcase name="seleniumtests on seleniumtests(MavenProject_practice.MavenJava.SeleniumTest)" classname="MavenProject_practice.MavenJava.SeleniumTest" time="0"/>
  <testcase name="seleniumtests2 on seleniumtests2(MavenProject_practice.MavenJava.SeleniumTest)" classname="MavenProject_practice.MavenJava.SeleniumTest" time="0"/>
</testsuite>