<?xml version="1.0" encoding="UTF-8"?>
<testng-results total="6" passed="6" failed="0" skipped="0">
  <reporter-output>
  </reporter-output>
  <suite started-at="2022-01-24T23:40:36Z" name="Surefire suite" finished-at="2022-01-24T23:40:36Z" duration-ms="54">
    <groups>
    </groups>
    <test started-at="2022-01-24T23:40:36Z" name="Surefire test" finished-at="2022-01-24T23:40:36Z" duration-ms="54">
      <class name="MavenProject_practice.MavenJava.AppiumTest">
        <test-method signature="appiumtest1()[pri:0, instance:appiumtest1(MavenProject_practice.MavenJava.AppiumTest)]" started-at="2022-01-24T18:40:36Z" name="appiumtest1" finished-at="2022-01-24T18:40:36Z" duration-ms="2" status="PASS">
          <reporter-output>
          </reporter-output>
        </test-method> <!-- appiumtest1 -->
        <test-method signature="appiumtest2()[pri:0, instance:appiumtest2(MavenProject_practice.MavenJava.AppiumTest)]" started-at="2022-01-24T18:40:36Z" name="appiumtest2" finished-at="2022-01-24T18:40:36Z" duration-ms="0" status="PASS">
          <reporter-output>
          </reporter-output>
        </test-method> <!-- appiumtest2 -->
      </class> <!-- MavenProject_practice.MavenJava.AppiumTest -->
      <class name="MavenProject_practice.MavenJava.SeleniumTest">
        <test-method signature="seleniumtests()[pri:0, instance:seleniumtests(MavenProject_practice.MavenJava.SeleniumTest)]" started-at="2022-01-24T18:40:36Z" name="seleniumtests" finished-at="2022-01-24T18:40:36Z" duration-ms="0" status="PASS">
          <reporter-output>
          </reporter-output>
        </test-method> <!-- seleniumtests -->
        <test-method signature="seleniumtests2()[pri:0, instance:seleniumtests2(MavenProject_practice.MavenJava.SeleniumTest)]" started-at="2022-01-24T18:40:36Z" name="seleniumtests2" finished-at="2022-01-24T18:40:36Z" duration-ms="0" status="PASS">
          <reporter-output>
          </reporter-output>
        </test-method> <!-- seleniumtests2 -->
      </class> <!-- MavenProject_practice.MavenJava.SeleniumTest -->
      <class name="MavenProject_practice.MavenJava.RestApiTest">
        <test-method signature="restapitests1()[pri:0, instance:restapitests1(MavenProject_practice.MavenJava.RestApiTest)]" started-at="2022-01-24T18:40:36Z" name="restapitests1" finished-at="2022-01-24T18:40:36Z" duration-ms="0" status="PASS">
          <reporter-output>
          </reporter-output>
        </test-method> <!-- restapitests1 -->
        <test-method signature="restapi()[pri:0, instance:restapi(MavenProject_practice.MavenJava.RestApiTest)]" started-at="2022-01-24T18:40:36Z" name="restapi" finished-at="2022-01-24T18:40:36Z" duration-ms="0" status="PASS">
          <reporter-output>
          </reporter-output>
        </test-method> <!-- restapi -->
      </class> <!-- MavenProject_practice.MavenJava.RestApiTest -->
    </test> <!-- Surefire test -->
  </suite> <!-- Surefire suite -->
</testng-results>
